2021-11-04T11:31:15.194597Z 0 [Warning] [MY-011068] [Server] The syntax 'sync_master_info' is deprecated and will be removed in a future release. Please use sync_source_info instead.
2021-11-04T11:31:15.195831Z 0 [Warning] [MY-010915] [Server] 'NO_ZERO_DATE', 'NO_ZERO_IN_DATE' and 'ERROR_FOR_DIVISION_BY_ZERO' sql modes should be used with strict mode. They will be merged with strict mode in a future release.
2021-11-04T11:31:15.199309Z 0 [System] [MY-010116] [Server] C:\Program Files\MySQL\MySQL Server 8.0\bin\mysqld.exe (mysqld 8.0.27) starting as process 8204
2021-11-04T11:31:15.287168Z 0 [Warning] [MY-010075] [Server] No existing UUID has been found, so we assume that this is the first time that this server has been started. Generating a new UUID: b87b6328-3d62-11ec-b348-e0d55e61351a.
2021-11-04T11:31:15.331858Z 1 [ERROR] [MY-011011] [Server] Failed to find valid data directory.
2021-11-04T11:31:15.333616Z 0 [ERROR] [MY-010020] [Server] Data Dictionary initialization failed.
2021-11-04T11:31:15.334148Z 0 [ERROR] [MY-010119] [Server] Aborting
2021-11-04T11:31:15.340459Z 0 [System] [MY-010910] [Server] C:\Program Files\MySQL\MySQL Server 8.0\bin\mysqld.exe: Shutdown complete (mysqld 8.0.27)  MySQL Community Server - GPL.
2021-11-04T11:33:06.887558Z 0 [Warning] [MY-011068] [Server] The syntax 'sync_master_info' is deprecated and will be removed in a future release. Please use sync_source_info instead.
2021-11-04T11:33:06.887589Z 0 [Warning] [MY-010915] [Server] 'NO_ZERO_DATE', 'NO_ZERO_IN_DATE' and 'ERROR_FOR_DIVISION_BY_ZERO' sql modes should be used with strict mode. They will be merged with strict mode in a future release.
2021-11-04T11:33:06.889103Z 0 [System] [MY-010116] [Server] C:\Program Files\MySQL\MySQL Server 8.0\bin\mysqld.exe (mysqld 8.0.27) starting as process 4008
2021-11-04T11:33:06.904573Z 1 [ERROR] [MY-011011] [Server] Failed to find valid data directory.
2021-11-04T11:33:06.905375Z 0 [ERROR] [MY-010020] [Server] Data Dictionary initialization failed.
2021-11-04T11:33:06.905884Z 0 [ERROR] [MY-010119] [Server] Aborting
2021-11-04T11:33:06.906657Z 0 [System] [MY-010910] [Server] C:\Program Files\MySQL\MySQL Server 8.0\bin\mysqld.exe: Shutdown complete (mysqld 8.0.27)  MySQL Community Server - GPL.
2021-11-04T11:33:43.467453Z 0 [Warning] [MY-011068] [Server] The syntax 'sync_master_info' is deprecated and will be removed in a future release. Please use sync_source_info instead.
2021-11-04T11:33:43.467478Z 0 [Warning] [MY-010915] [Server] 'NO_ZERO_DATE', 'NO_ZERO_IN_DATE' and 'ERROR_FOR_DIVISION_BY_ZERO' sql modes should be used with strict mode. They will be merged with strict mode in a future release.
2021-11-04T11:33:43.468927Z 0 [System] [MY-010116] [Server] C:\Program Files\MySQL\MySQL Server 8.0\bin\mysqld.exe (mysqld 8.0.27) starting as process 7936
2021-11-04T11:33:43.484698Z 1 [ERROR] [MY-011011] [Server] Failed to find valid data directory.
2021-11-04T11:33:43.485524Z 0 [ERROR] [MY-010020] [Server] Data Dictionary initialization failed.
2021-11-04T11:33:43.486045Z 0 [ERROR] [MY-010119] [Server] Aborting
2021-11-04T11:33:43.486811Z 0 [System] [MY-010910] [Server] C:\Program Files\MySQL\MySQL Server 8.0\bin\mysqld.exe: Shutdown complete (mysqld 8.0.27)  MySQL Community Server - GPL.
